[2025-03-09 01:11:48,392] [INFO] JobFunnel: Scraping local providers with: ['IndeedScraperUSAEng']
[2025-03-09 01:11:49,146] [INFO] IndeedScraperUSAEng: Found 50 pages of search results for query=machine learning engineer
[2025-03-09 01:11:59,934] [INFO] IndeedScraperUSAEng: Scraped 1241 job listings from search results pages
[2025-03-09 01:12:00,076] [ERROR] IndeedScraperUSAEng: Job Software Development Engineer, S3 Vertex and Software Development Engineer, S3 Vertex share duplicate key_id: IndeedScraperUSAEng_fd84ebfce7a5dd68
[2025-03-09 01:12:00,243] [ERROR] IndeedScraperUSAEng: Job ENGINEER ELECTROMECHANICAL 3 and ENGINEER ELECTROMECHANICAL 3 share duplicate key_id: IndeedScraperUSAEng_728b246e61e39eb4
[2025-03-09 01:12:00,248] [ERROR] IndeedScraperUSAEng: Job Delivery Consultant – Application Developer, Data and Machine Learning, WWPS US Federal and Delivery Consultant – Application Developer, Data and Machine Learning, WWPS US Federal share duplicate key_id: IndeedScraperUSAEng_81b3bfa726e9d802
[2025-03-09 01:12:00,290] [ERROR] IndeedScraperUSAEng: Job Senior Member of Technical Staff and Senior Member of Technical Staff share duplicate key_id: IndeedScraperUSAEng_4622cc13a4965c2b
[2025-03-09 01:12:00,357] [ERROR] IndeedScraperUSAEng: Job DevOps Engineer and DevOps Engineer share duplicate key_id: IndeedScraperUSAEng_819b3b05e05b6b39
[2025-03-09 01:12:00,429] [ERROR] IndeedScraperUSAEng: Job Systems Engineer and Systems Engineer share duplicate key_id: IndeedScraperUSAEng_c888f09a1da81be6
[2025-03-09 01:12:00,476] [ERROR] IndeedScraperUSAEng: Job Test System Engineer for AI - 12+ Yrs - TS/SCI and Test System Engineer for AI - 12+ Yrs - TS/SCI share duplicate key_id: IndeedScraperUSAEng_8fb30e12b223a7d1
[2025-03-09 01:12:00,476] [ERROR] IndeedScraperUSAEng: Job AI/Software Engineer – SME and AI/Software Engineer – SME share duplicate key_id: IndeedScraperUSAEng_556ba40f0ef6b84f
[2025-03-09 01:12:00,476] [ERROR] IndeedScraperUSAEng: Job AI/ML Software Developer - Secret Clearance and AI/ML Software Developer - Secret Clearance share duplicate key_id: IndeedScraperUSAEng_c90e885baa24aaba
[2025-03-09 01:12:00,476] [ERROR] IndeedScraperUSAEng: Job Data Engineer and Data Engineer share duplicate key_id: IndeedScraperUSAEng_78a69d14af7d5daf
[2025-03-09 01:12:00,534] [ERROR] IndeedScraperUSAEng: Job IT Accessibility Systems Engineer and IT Accessibility Systems Engineer share duplicate key_id: IndeedScraperUSAEng_6743f18d4e1522c9
[2025-03-09 01:12:00,540] [ERROR] IndeedScraperUSAEng: Job DevOps Engineer (TS/SCI + Poly) and DevOps Engineer (TS/SCI + Poly) share duplicate key_id: IndeedScraperUSAEng_4b43344073a65658
[2025-03-09 01:12:00,540] [ERROR] IndeedScraperUSAEng: Job Data Policy Analyst (TS/SCI + Poly) and Data Policy Analyst (TS/SCI + Poly) share duplicate key_id: IndeedScraperUSAEng_9796d83de680b192
[2025-03-09 01:12:00,593] [ERROR] IndeedScraperUSAEng: Job Principal Associate, Data Science and Principal Associate, Data Science share duplicate key_id: IndeedScraperUSAEng_a7a34a4e5062a964
[2025-03-09 01:12:00,645] [ERROR] IndeedScraperUSAEng: Job Senior Associate, Data Scientist - Commercial Bank and Senior Associate, Data Scientist - Commercial Bank share duplicate key_id: IndeedScraperUSAEng_613958f33213d1f0
[2025-03-09 01:12:00,703] [ERROR] IndeedScraperUSAEng: Job Data Scientist 3 and Data Scientist 3 share duplicate key_id: IndeedScraperUSAEng_30ccfb875b3301d5
[2025-03-09 01:12:00,807] [ERROR] IndeedScraperUSAEng: Job Senior Level Data Scientist and Senior Level Data Scientist share duplicate key_id: IndeedScraperUSAEng_ac60a4a955cf0c45
[2025-03-09 01:12:00,808] [ERROR] IndeedScraperUSAEng: Job Data Scientist- TS/SCI w/Poly and Data Scientist- TS/SCI w/Poly share duplicate key_id: IndeedScraperUSAEng_15871b75324a603a
[2025-03-09 01:12:00,808] [ERROR] IndeedScraperUSAEng: Job Generative AI Developer - TS/SCI Clearance Required and Generative AI Developer - TS/SCI Clearance Required share duplicate key_id: IndeedScraperUSAEng_d231c9d6c58cefba
[2025-03-09 01:12:00,808] [ERROR] IndeedScraperUSAEng: Job Senior Data Science Consultant - Analytics | TS/SCI w. Polygraph and Senior Data Science Consultant - Analytics | TS/SCI w. Polygraph share duplicate key_id: IndeedScraperUSAEng_e2f0465384d7e1ca
[2025-03-09 01:12:00,854] [ERROR] IndeedScraperUSAEng: Job AI Engineer - Lead (Manager IC) and AI Engineer - Lead (Manager IC) share duplicate key_id: IndeedScraperUSAEng_d6752ad82349a05c
[2025-03-09 01:12:00,901] [ERROR] IndeedScraperUSAEng: Job Data Science Specialist - TS/SCI Polygraph Required and Data Science Specialist - TS/SCI Polygraph Required share duplicate key_id: IndeedScraperUSAEng_aa5bd966d3643e94
[2025-03-09 01:12:00,930] [ERROR] IndeedScraperUSAEng: Job Senior Software Engineer and Senior Software Engineer share duplicate key_id: IndeedScraperUSAEng_23a90e5737d37c29
[2025-03-09 01:12:00,932] [ERROR] IndeedScraperUSAEng: Job Senior Solutional Data Engineer - Active TS/SCI Required and Senior Solutional Data Engineer - Active TS/SCI Required share duplicate key_id: IndeedScraperUSAEng_63889519557c5eb5
[2025-03-09 01:12:00,934] [ERROR] IndeedScraperUSAEng: Job Manager Data Scientist and Manager Data Scientist share duplicate key_id: IndeedScraperUSAEng_78f5b12a8f7b11d9
[2025-03-09 01:12:00,934] [ERROR] IndeedScraperUSAEng: Job Principal Associate, Data Scientist - Mainstreet Card and Principal Associate, Data Scientist - Mainstreet Card share duplicate key_id: IndeedScraperUSAEng_be1bc5d0d4f15593
[2025-03-09 01:12:00,934] [ERROR] IndeedScraperUSAEng: Job Principal Associate, Data Scientist - Mainstreet Card and Principal Associate, Data Scientist - Mainstreet Card share duplicate key_id: IndeedScraperUSAEng_4c8a62d1a42c2adc
[2025-03-09 01:12:00,934] [ERROR] IndeedScraperUSAEng: Job Senior Palantir Data Scientist and Senior Palantir Data Scientist share duplicate key_id: IndeedScraperUSAEng_0ec736906d684e46
[2025-03-09 01:12:00,934] [ERROR] IndeedScraperUSAEng: Job Generative AI Developer - TS/SCI Clearance Required and Generative AI Developer - TS/SCI Clearance Required share duplicate key_id: IndeedScraperUSAEng_0e5a40bab66482da
[2025-03-09 01:12:00,934] [ERROR] IndeedScraperUSAEng: Job Principal Data Scientist - NLP and Principal Data Scientist - NLP share duplicate key_id: IndeedScraperUSAEng_4459e069d22465db
[2025-03-09 01:12:00,934] [ERROR] IndeedScraperUSAEng: Job Data Scientist and Data Scientist share duplicate key_id: IndeedScraperUSAEng_014a9ab07585768b
[2025-03-09 01:12:00,934] [ERROR] IndeedScraperUSAEng: Job Senior Consulting Data Scientist | TS/SCI w. Polygraph and Senior Consulting Data Scientist | TS/SCI w. Polygraph share duplicate key_id: IndeedScraperUSAEng_4c2a558cf40311e6
[2025-03-09 01:12:00,935] [ERROR] IndeedScraperUSAEng: Job Senior Data Scientist and Senior Data Scientist share duplicate key_id: IndeedScraperUSAEng_e6897529f3311381
[2025-03-09 01:12:00,935] [ERROR] IndeedScraperUSAEng: Job Senior Software Engineer and Senior Software Engineer share duplicate key_id: IndeedScraperUSAEng_6f4da879b4b73b83
[2025-03-09 01:12:00,935] [ERROR] IndeedScraperUSAEng: Job Senior Consulting Data Scientist | TS/SCI w. Polygraph and Senior Consulting Data Scientist | TS/SCI w. Polygraph share duplicate key_id: IndeedScraperUSAEng_caca80adcd156a04
[2025-03-09 01:12:00,935] [ERROR] IndeedScraperUSAEng: Job Senior Data Scientist - NLP and Senior Data Scientist - NLP share duplicate key_id: IndeedScraperUSAEng_60c8ad8b0084faf5
[2025-03-09 01:12:00,935] [ERROR] IndeedScraperUSAEng: Job Principal Associate, Data Scientist - US Card Acquisitions and Principal Associate, Data Scientist - US Card Acquisitions share duplicate key_id: IndeedScraperUSAEng_e57963b58b3bb1c9
[2025-03-09 01:12:00,935] [ERROR] IndeedScraperUSAEng: Job Principal Associate, Data Scientist, Model Risk Office and Principal Associate, Data Scientist, Model Risk Office share duplicate key_id: IndeedScraperUSAEng_b5851f418ddc59a5
[2025-03-09 01:12:00,935] [ERROR] IndeedScraperUSAEng: Job Generative AI Data Scientist - TS/SCI Clearance Required and Generative AI Data Scientist - TS/SCI Clearance Required share duplicate key_id: IndeedScraperUSAEng_6a7c8a32211f91ea
[2025-03-09 01:12:00,935] [ERROR] IndeedScraperUSAEng: Job Senior Machine Learning Engineer and Senior Machine Learning Engineer share duplicate key_id: IndeedScraperUSAEng_7a5b8c6d7c052d32
[2025-03-09 01:12:00,935] [ERROR] IndeedScraperUSAEng: Job Generative AI Data Scientist - TS/SCI Clearance Required and Generative AI Data Scientist - TS/SCI Clearance Required share duplicate key_id: IndeedScraperUSAEng_b6e3c494a631f920
[2025-03-09 01:12:00,935] [ERROR] IndeedScraperUSAEng: Job Manager, Data Science - Credit Model Review and Manager, Data Science - Credit Model Review share duplicate key_id: IndeedScraperUSAEng_f375d78a6c6da4bc
[2025-03-09 01:12:00,935] [ERROR] IndeedScraperUSAEng: Job Generative AI Developer - TS/SCI Clearance Required and Generative AI Developer - TS/SCI Clearance Required share duplicate key_id: IndeedScraperUSAEng_d231c9d6c58cefba
[2025-03-09 01:12:00,935] [ERROR] IndeedScraperUSAEng: Job Senior Data Science Consultant - Analytics | TS/SCI w. Polygraph and Senior Data Science Consultant - Analytics | TS/SCI w. Polygraph share duplicate key_id: IndeedScraperUSAEng_e2f0465384d7e1ca
[2025-03-09 01:12:00,936] [ERROR] IndeedScraperUSAEng: Job Data Science Specialist - TS/SCI Polygraph Required and Data Science Specialist - TS/SCI Polygraph Required share duplicate key_id: IndeedScraperUSAEng_aa5bd966d3643e94
[2025-03-09 01:12:00,936] [ERROR] IndeedScraperUSAEng: Job Senior Software Engineer and Senior Software Engineer share duplicate key_id: IndeedScraperUSAEng_23a90e5737d37c29
[2025-03-09 01:12:00,936] [ERROR] IndeedScraperUSAEng: Job Senior Solutional Data Engineer - Active TS/SCI Required and Senior Solutional Data Engineer - Active TS/SCI Required share duplicate key_id: IndeedScraperUSAEng_63889519557c5eb5
[2025-03-09 01:12:00,936] [ERROR] IndeedScraperUSAEng: Job Data Scientist and Data Scientist share duplicate key_id: IndeedScraperUSAEng_014a9ab07585768b
[2025-03-09 01:12:00,936] [ERROR] IndeedScraperUSAEng: Job Manager Data Scientist and Manager Data Scientist share duplicate key_id: IndeedScraperUSAEng_78f5b12a8f7b11d9
[2025-03-09 01:12:00,936] [ERROR] IndeedScraperUSAEng: Job Principal Associate, Data Scientist - Mainstreet Card and Principal Associate, Data Scientist - Mainstreet Card share duplicate key_id: IndeedScraperUSAEng_be1bc5d0d4f15593
[2025-03-09 01:12:00,936] [ERROR] IndeedScraperUSAEng: Job Senior Palantir Data Scientist and Senior Palantir Data Scientist share duplicate key_id: IndeedScraperUSAEng_0ec736906d684e46
[2025-03-09 01:12:00,936] [ERROR] IndeedScraperUSAEng: Job Generative AI Developer - TS/SCI Clearance Required and Generative AI Developer - TS/SCI Clearance Required share duplicate key_id: IndeedScraperUSAEng_0e5a40bab66482da
[2025-03-09 01:12:00,936] [ERROR] IndeedScraperUSAEng: Job Principal Data Scientist - NLP and Principal Data Scientist - NLP share duplicate key_id: IndeedScraperUSAEng_4459e069d22465db
[2025-03-09 01:12:00,936] [ERROR] IndeedScraperUSAEng: Job Principal Associate, Data Scientist, Model Risk Office and Principal Associate, Data Scientist, Model Risk Office share duplicate key_id: IndeedScraperUSAEng_b5851f418ddc59a5
[2025-03-09 01:12:00,936] [ERROR] IndeedScraperUSAEng: Job Senior Consulting Data Scientist | TS/SCI w. Polygraph and Senior Consulting Data Scientist | TS/SCI w. Polygraph share duplicate key_id: IndeedScraperUSAEng_4c2a558cf40311e6
[2025-03-09 01:12:00,937] [ERROR] IndeedScraperUSAEng: Job Senior Software Engineer and Senior Software Engineer share duplicate key_id: IndeedScraperUSAEng_6f4da879b4b73b83
[2025-03-09 01:12:00,937] [ERROR] IndeedScraperUSAEng: Job Senior Consulting Data Scientist | TS/SCI w. Polygraph and Senior Consulting Data Scientist | TS/SCI w. Polygraph share duplicate key_id: IndeedScraperUSAEng_caca80adcd156a04
[2025-03-09 01:12:00,937] [ERROR] IndeedScraperUSAEng: Job Senior Data Scientist - NLP and Senior Data Scientist - NLP share duplicate key_id: IndeedScraperUSAEng_60c8ad8b0084faf5
[2025-03-09 01:12:00,937] [ERROR] IndeedScraperUSAEng: Job Principal Associate, Data Scientist - US Card Acquisitions and Principal Associate, Data Scientist - US Card Acquisitions share duplicate key_id: IndeedScraperUSAEng_e57963b58b3bb1c9
[2025-03-09 01:12:00,937] [ERROR] IndeedScraperUSAEng: Job Principal Associate, Data Scientist - Model Risk Office and Principal Associate, Data Scientist - Model Risk Office share duplicate key_id: IndeedScraperUSAEng_53e3a9ef21844898
[2025-03-09 01:12:00,937] [ERROR] IndeedScraperUSAEng: Job Generative AI Data Scientist - TS/SCI Clearance Required and Generative AI Data Scientist - TS/SCI Clearance Required share duplicate key_id: IndeedScraperUSAEng_6a7c8a32211f91ea
[2025-03-09 01:12:00,937] [ERROR] IndeedScraperUSAEng: Job Senior Machine Learning Engineer and Senior Machine Learning Engineer share duplicate key_id: IndeedScraperUSAEng_7a5b8c6d7c052d32
[2025-03-09 01:12:00,937] [ERROR] IndeedScraperUSAEng: Job Manager, Data Science - Credit Model Review and Manager, Data Science - Credit Model Review share duplicate key_id: IndeedScraperUSAEng_f375d78a6c6da4bc
[2025-03-09 01:12:00,937] [ERROR] IndeedScraperUSAEng: Job Generative AI Developer - TS/SCI Clearance Required and Generative AI Developer - TS/SCI Clearance Required share duplicate key_id: IndeedScraperUSAEng_d231c9d6c58cefba
[2025-03-09 01:12:00,938] [ERROR] IndeedScraperUSAEng: Job Senior Data Science Consultant - Analytics | TS/SCI w. Polygraph and Senior Data Science Consultant - Analytics | TS/SCI w. Polygraph share duplicate key_id: IndeedScraperUSAEng_e2f0465384d7e1ca
[2025-03-09 01:12:00,938] [ERROR] IndeedScraperUSAEng: Job AI Engineer - Lead (Manager IC) and AI Engineer - Lead (Manager IC) share duplicate key_id: IndeedScraperUSAEng_d6752ad82349a05c
[2025-03-09 01:12:00,938] [ERROR] IndeedScraperUSAEng: Job Data Science Specialist - TS/SCI Polygraph Required and Data Science Specialist - TS/SCI Polygraph Required share duplicate key_id: IndeedScraperUSAEng_aa5bd966d3643e94
[2025-03-09 01:12:00,938] [ERROR] IndeedScraperUSAEng: Job Senior Solutional Data Engineer - Active TS/SCI Required and Senior Solutional Data Engineer - Active TS/SCI Required share duplicate key_id: IndeedScraperUSAEng_63889519557c5eb5
[2025-03-09 01:12:00,938] [ERROR] IndeedScraperUSAEng: Job Data Scientist and Data Scientist share duplicate key_id: IndeedScraperUSAEng_014a9ab07585768b
[2025-03-09 01:12:00,938] [ERROR] IndeedScraperUSAEng: Job Manager Data Scientist and Manager Data Scientist share duplicate key_id: IndeedScraperUSAEng_78f5b12a8f7b11d9
[2025-03-09 01:12:00,938] [ERROR] IndeedScraperUSAEng: Job Principal Associate, Data Scientist - Mainstreet Card and Principal Associate, Data Scientist - Mainstreet Card share duplicate key_id: IndeedScraperUSAEng_be1bc5d0d4f15593
[2025-03-09 01:12:00,938] [ERROR] IndeedScraperUSAEng: Job Principal Associate, Data Scientist - Mainstreet Card and Principal Associate, Data Scientist - Mainstreet Card share duplicate key_id: IndeedScraperUSAEng_4c8a62d1a42c2adc
[2025-03-09 01:12:00,938] [ERROR] IndeedScraperUSAEng: Job Senior Palantir Data Scientist and Senior Palantir Data Scientist share duplicate key_id: IndeedScraperUSAEng_0ec736906d684e46
[2025-03-09 01:12:00,938] [ERROR] IndeedScraperUSAEng: Job Principal Associate, Data Scientist - Model Risk Office and Principal Associate, Data Scientist - Model Risk Office share duplicate key_id: IndeedScraperUSAEng_53e3a9ef21844898
[2025-03-09 01:12:00,939] [ERROR] IndeedScraperUSAEng: Job Principal Data Scientist - NLP and Principal Data Scientist - NLP share duplicate key_id: IndeedScraperUSAEng_4459e069d22465db
[2025-03-09 01:12:00,939] [ERROR] IndeedScraperUSAEng: Job Principal Associate, Data Scientist, Model Risk Office and Principal Associate, Data Scientist, Model Risk Office share duplicate key_id: IndeedScraperUSAEng_b5851f418ddc59a5
[2025-03-09 01:12:00,939] [ERROR] IndeedScraperUSAEng: Job Senior Consulting Data Scientist | TS/SCI w. Polygraph and Senior Consulting Data Scientist | TS/SCI w. Polygraph share duplicate key_id: IndeedScraperUSAEng_4c2a558cf40311e6
[2025-03-09 01:12:00,939] [ERROR] IndeedScraperUSAEng: Job Senior Data Scientist and Senior Data Scientist share duplicate key_id: IndeedScraperUSAEng_e6897529f3311381
[2025-03-09 01:12:00,939] [ERROR] IndeedScraperUSAEng: Job Senior Software Engineer and Senior Software Engineer share duplicate key_id: IndeedScraperUSAEng_6f4da879b4b73b83
[2025-03-09 01:12:00,939] [ERROR] IndeedScraperUSAEng: Job Senior Consulting Data Scientist | TS/SCI w. Polygraph and Senior Consulting Data Scientist | TS/SCI w. Polygraph share duplicate key_id: IndeedScraperUSAEng_caca80adcd156a04
[2025-03-09 01:12:00,939] [ERROR] IndeedScraperUSAEng: Job Principal Associate, Data Scientist - US Card Acquisitions and Principal Associate, Data Scientist - US Card Acquisitions share duplicate key_id: IndeedScraperUSAEng_e57963b58b3bb1c9
[2025-03-09 01:12:00,939] [ERROR] IndeedScraperUSAEng: Job Principal Associate, Data Scientist - Model Risk Office and Principal Associate, Data Scientist - Model Risk Office share duplicate key_id: IndeedScraperUSAEng_53e3a9ef21844898
[2025-03-09 01:12:00,939] [ERROR] IndeedScraperUSAEng: Job Generative AI Data Scientist - TS/SCI Clearance Required and Generative AI Data Scientist - TS/SCI Clearance Required share duplicate key_id: IndeedScraperUSAEng_6a7c8a32211f91ea
[2025-03-09 01:12:00,939] [ERROR] IndeedScraperUSAEng: Job Senior Machine Learning Engineer and Senior Machine Learning Engineer share duplicate key_id: IndeedScraperUSAEng_7a5b8c6d7c052d32
[2025-03-09 01:12:00,940] [ERROR] IndeedScraperUSAEng: Job Generative AI Data Scientist - TS/SCI Clearance Required and Generative AI Data Scientist - TS/SCI Clearance Required share duplicate key_id: IndeedScraperUSAEng_b6e3c494a631f920
[2025-03-09 01:12:00,940] [ERROR] IndeedScraperUSAEng: Job Senior Data Scientist - NLP and Senior Data Scientist - NLP share duplicate key_id: IndeedScraperUSAEng_60c8ad8b0084faf5
[2025-03-09 01:12:00,940] [ERROR] IndeedScraperUSAEng: Job Generative AI Developer - TS/SCI Clearance Required and Generative AI Developer - TS/SCI Clearance Required share duplicate key_id: IndeedScraperUSAEng_d231c9d6c58cefba
[2025-03-09 01:12:00,940] [ERROR] IndeedScraperUSAEng: Job Senior Data Science Consultant - Analytics | TS/SCI w. Polygraph and Senior Data Science Consultant - Analytics | TS/SCI w. Polygraph share duplicate key_id: IndeedScraperUSAEng_e2f0465384d7e1ca
[2025-03-09 01:12:00,940] [ERROR] IndeedScraperUSAEng: Job AI Engineer - Lead (Manager IC) and AI Engineer - Lead (Manager IC) share duplicate key_id: IndeedScraperUSAEng_d6752ad82349a05c
[2025-03-09 01:12:00,940] [ERROR] IndeedScraperUSAEng: Job Data Science Specialist - TS/SCI Polygraph Required and Data Science Specialist - TS/SCI Polygraph Required share duplicate key_id: IndeedScraperUSAEng_aa5bd966d3643e94
[2025-03-09 01:12:00,940] [ERROR] IndeedScraperUSAEng: Job Senior Software Engineer and Senior Software Engineer share duplicate key_id: IndeedScraperUSAEng_23a90e5737d37c29
[2025-03-09 01:12:00,940] [ERROR] IndeedScraperUSAEng: Job Senior Solutional Data Engineer - Active TS/SCI Required and Senior Solutional Data Engineer - Active TS/SCI Required share duplicate key_id: IndeedScraperUSAEng_63889519557c5eb5
[2025-03-09 01:12:00,940] [ERROR] IndeedScraperUSAEng: Job Data Scientist and Data Scientist share duplicate key_id: IndeedScraperUSAEng_014a9ab07585768b
[2025-03-09 01:12:00,940] [ERROR] IndeedScraperUSAEng: Job AI Engineer - Lead (Manager IC) and AI Engineer - Lead (Manager IC) share duplicate key_id: IndeedScraperUSAEng_d6752ad82349a05c
[2025-03-09 01:12:00,941] [ERROR] IndeedScraperUSAEng: Job Principal Associate, Data Scientist - Mainstreet Card and Principal Associate, Data Scientist - Mainstreet Card share duplicate key_id: IndeedScraperUSAEng_be1bc5d0d4f15593
[2025-03-09 01:12:00,941] [ERROR] IndeedScraperUSAEng: Job Principal Associate, Data Scientist - Mainstreet Card and Principal Associate, Data Scientist - Mainstreet Card share duplicate key_id: IndeedScraperUSAEng_4c8a62d1a42c2adc
[2025-03-09 01:12:00,941] [ERROR] IndeedScraperUSAEng: Job Senior Palantir Data Scientist and Senior Palantir Data Scientist share duplicate key_id: IndeedScraperUSAEng_0ec736906d684e46
[2025-03-09 01:12:00,941] [ERROR] IndeedScraperUSAEng: Job Generative AI Developer - TS/SCI Clearance Required and Generative AI Developer - TS/SCI Clearance Required share duplicate key_id: IndeedScraperUSAEng_0e5a40bab66482da
[2025-03-09 01:12:00,941] [ERROR] IndeedScraperUSAEng: Job Principal Data Scientist - NLP and Principal Data Scientist - NLP share duplicate key_id: IndeedScraperUSAEng_4459e069d22465db
[2025-03-09 01:12:00,941] [ERROR] IndeedScraperUSAEng: Job Principal Associate, Data Scientist, Model Risk Office and Principal Associate, Data Scientist, Model Risk Office share duplicate key_id: IndeedScraperUSAEng_b5851f418ddc59a5
[2025-03-09 01:12:00,942] [ERROR] IndeedScraperUSAEng: Job Senior Consulting Data Scientist | TS/SCI w. Polygraph and Senior Consulting Data Scientist | TS/SCI w. Polygraph share duplicate key_id: IndeedScraperUSAEng_4c2a558cf40311e6
[2025-03-09 01:12:00,942] [ERROR] IndeedScraperUSAEng: Job Senior Data Scientist and Senior Data Scientist share duplicate key_id: IndeedScraperUSAEng_e6897529f3311381
[2025-03-09 01:12:00,942] [ERROR] IndeedScraperUSAEng: Job Senior Software Engineer and Senior Software Engineer share duplicate key_id: IndeedScraperUSAEng_6f4da879b4b73b83
[2025-03-09 01:12:00,942] [ERROR] IndeedScraperUSAEng: Job Senior Consulting Data Scientist | TS/SCI w. Polygraph and Senior Consulting Data Scientist | TS/SCI w. Polygraph share duplicate key_id: IndeedScraperUSAEng_caca80adcd156a04
[2025-03-09 01:12:00,942] [ERROR] IndeedScraperUSAEng: Job Senior Data Scientist - NLP and Senior Data Scientist - NLP share duplicate key_id: IndeedScraperUSAEng_60c8ad8b0084faf5
[2025-03-09 01:12:00,942] [ERROR] IndeedScraperUSAEng: Job Principal Associate, Data Scientist - US Card Acquisitions and Principal Associate, Data Scientist - US Card Acquisitions share duplicate key_id: IndeedScraperUSAEng_e57963b58b3bb1c9
[2025-03-09 01:12:00,942] [ERROR] IndeedScraperUSAEng: Job Principal Associate, Data Scientist - Model Risk Office and Principal Associate, Data Scientist - Model Risk Office share duplicate key_id: IndeedScraperUSAEng_53e3a9ef21844898
[2025-03-09 01:12:00,942] [ERROR] IndeedScraperUSAEng: Job Generative AI Data Scientist - TS/SCI Clearance Required and Generative AI Data Scientist - TS/SCI Clearance Required share duplicate key_id: IndeedScraperUSAEng_6a7c8a32211f91ea
[2025-03-09 01:12:00,942] [ERROR] IndeedScraperUSAEng: Job Senior Machine Learning Engineer and Senior Machine Learning Engineer share duplicate key_id: IndeedScraperUSAEng_7a5b8c6d7c052d32
[2025-03-09 01:12:00,942] [ERROR] IndeedScraperUSAEng: Job Principal Associate, Data Scientist - Mainstreet Card and Principal Associate, Data Scientist - Mainstreet Card share duplicate key_id: IndeedScraperUSAEng_4c8a62d1a42c2adc
[2025-03-09 01:12:00,942] [ERROR] IndeedScraperUSAEng: Job Manager, Data Science - Credit Model Review and Manager, Data Science - Credit Model Review share duplicate key_id: IndeedScraperUSAEng_f375d78a6c6da4bc
[2025-03-09 01:12:00,943] [ERROR] IndeedScraperUSAEng: Job Generative AI Developer - TS/SCI Clearance Required and Generative AI Developer - TS/SCI Clearance Required share duplicate key_id: IndeedScraperUSAEng_d231c9d6c58cefba
[2025-03-09 01:12:00,943] [ERROR] IndeedScraperUSAEng: Job Senior Data Science Consultant - Analytics | TS/SCI w. Polygraph and Senior Data Science Consultant - Analytics | TS/SCI w. Polygraph share duplicate key_id: IndeedScraperUSAEng_e2f0465384d7e1ca
[2025-03-09 01:12:00,943] [ERROR] IndeedScraperUSAEng: Job AI Engineer - Lead (Manager IC) and AI Engineer - Lead (Manager IC) share duplicate key_id: IndeedScraperUSAEng_d6752ad82349a05c
[2025-03-09 01:12:00,943] [ERROR] IndeedScraperUSAEng: Job Data Science Specialist - TS/SCI Polygraph Required and Data Science Specialist - TS/SCI Polygraph Required share duplicate key_id: IndeedScraperUSAEng_aa5bd966d3643e94
[2025-03-09 01:12:00,943] [ERROR] IndeedScraperUSAEng: Job Senior Software Engineer and Senior Software Engineer share duplicate key_id: IndeedScraperUSAEng_23a90e5737d37c29
[2025-03-09 01:12:00,943] [ERROR] IndeedScraperUSAEng: Job Generative AI Data Scientist - TS/SCI Clearance Required and Generative AI Data Scientist - TS/SCI Clearance Required share duplicate key_id: IndeedScraperUSAEng_b6e3c494a631f920
[2025-03-09 01:12:00,943] [ERROR] IndeedScraperUSAEng: Job Data Scientist and Data Scientist share duplicate key_id: IndeedScraperUSAEng_014a9ab07585768b
[2025-03-09 01:12:00,943] [ERROR] IndeedScraperUSAEng: Job Manager Data Scientist and Manager Data Scientist share duplicate key_id: IndeedScraperUSAEng_78f5b12a8f7b11d9
[2025-03-09 01:12:00,943] [ERROR] IndeedScraperUSAEng: Job Principal Associate, Data Scientist - Mainstreet Card and Principal Associate, Data Scientist - Mainstreet Card share duplicate key_id: IndeedScraperUSAEng_be1bc5d0d4f15593
[2025-03-09 01:12:00,943] [ERROR] IndeedScraperUSAEng: Job Principal Associate, Data Scientist - Mainstreet Card and Principal Associate, Data Scientist - Mainstreet Card share duplicate key_id: IndeedScraperUSAEng_4c8a62d1a42c2adc
[2025-03-09 01:12:00,943] [ERROR] IndeedScraperUSAEng: Job Senior Palantir Data Scientist and Senior Palantir Data Scientist share duplicate key_id: IndeedScraperUSAEng_0ec736906d684e46
[2025-03-09 01:12:00,944] [ERROR] IndeedScraperUSAEng: Job Generative AI Developer - TS/SCI Clearance Required and Generative AI Developer - TS/SCI Clearance Required share duplicate key_id: IndeedScraperUSAEng_0e5a40bab66482da
[2025-03-09 01:12:00,944] [ERROR] IndeedScraperUSAEng: Job Principal Data Scientist - NLP and Principal Data Scientist - NLP share duplicate key_id: IndeedScraperUSAEng_4459e069d22465db
[2025-03-09 01:12:00,944] [ERROR] IndeedScraperUSAEng: Job Senior Data Scientist and Senior Data Scientist share duplicate key_id: IndeedScraperUSAEng_e6897529f3311381
[2025-03-09 01:12:00,944] [ERROR] IndeedScraperUSAEng: Job Senior Consulting Data Scientist | TS/SCI w. Polygraph and Senior Consulting Data Scientist | TS/SCI w. Polygraph share duplicate key_id: IndeedScraperUSAEng_4c2a558cf40311e6
[2025-03-09 01:12:00,944] [ERROR] IndeedScraperUSAEng: Job Senior Data Scientist and Senior Data Scientist share duplicate key_id: IndeedScraperUSAEng_e6897529f3311381
[2025-03-09 01:12:00,944] [ERROR] IndeedScraperUSAEng: Job Senior Software Engineer and Senior Software Engineer share duplicate key_id: IndeedScraperUSAEng_6f4da879b4b73b83
[2025-03-09 01:12:00,944] [ERROR] IndeedScraperUSAEng: Job Senior Consulting Data Scientist | TS/SCI w. Polygraph and Senior Consulting Data Scientist | TS/SCI w. Polygraph share duplicate key_id: IndeedScraperUSAEng_caca80adcd156a04
[2025-03-09 01:12:00,944] [ERROR] IndeedScraperUSAEng: Job Senior Data Scientist - NLP and Senior Data Scientist - NLP share duplicate key_id: IndeedScraperUSAEng_60c8ad8b0084faf5
[2025-03-09 01:12:00,944] [ERROR] IndeedScraperUSAEng: Job Principal Associate, Data Scientist - US Card Acquisitions and Principal Associate, Data Scientist - US Card Acquisitions share duplicate key_id: IndeedScraperUSAEng_e57963b58b3bb1c9
[2025-03-09 01:12:00,944] [ERROR] IndeedScraperUSAEng: Job Generative AI Data Scientist - TS/SCI Clearance Required and Generative AI Data Scientist - TS/SCI Clearance Required share duplicate key_id: IndeedScraperUSAEng_b6e3c494a631f920
[2025-03-09 01:12:00,944] [ERROR] IndeedScraperUSAEng: Job Generative AI Data Scientist - TS/SCI Clearance Required and Generative AI Data Scientist - TS/SCI Clearance Required share duplicate key_id: IndeedScraperUSAEng_6a7c8a32211f91ea
[2025-03-09 01:12:00,944] [ERROR] IndeedScraperUSAEng: Job Senior Machine Learning Engineer and Senior Machine Learning Engineer share duplicate key_id: IndeedScraperUSAEng_7a5b8c6d7c052d32
[2025-03-09 01:12:00,945] [ERROR] IndeedScraperUSAEng: Job Generative AI Data Scientist - TS/SCI Clearance Required and Generative AI Data Scientist - TS/SCI Clearance Required share duplicate key_id: IndeedScraperUSAEng_b6e3c494a631f920
[2025-03-09 01:12:00,945] [ERROR] IndeedScraperUSAEng: Job Manager, Data Science - Credit Model Review and Manager, Data Science - Credit Model Review share duplicate key_id: IndeedScraperUSAEng_f375d78a6c6da4bc
[2025-03-09 01:12:00,945] [ERROR] IndeedScraperUSAEng: Job Generative AI Developer - TS/SCI Clearance Required and Generative AI Developer - TS/SCI Clearance Required share duplicate key_id: IndeedScraperUSAEng_d231c9d6c58cefba
[2025-03-09 01:12:00,945] [ERROR] IndeedScraperUSAEng: Job Principal Associate, Data Scientist - Model Risk Office and Principal Associate, Data Scientist - Model Risk Office share duplicate key_id: IndeedScraperUSAEng_53e3a9ef21844898
[2025-03-09 01:12:00,945] [ERROR] IndeedScraperUSAEng: Job AI Engineer - Lead (Manager IC) and AI Engineer - Lead (Manager IC) share duplicate key_id: IndeedScraperUSAEng_d6752ad82349a05c
[2025-03-09 01:12:00,945] [ERROR] IndeedScraperUSAEng: Job Data Science Specialist - TS/SCI Polygraph Required and Data Science Specialist - TS/SCI Polygraph Required share duplicate key_id: IndeedScraperUSAEng_aa5bd966d3643e94
[2025-03-09 01:12:00,945] [ERROR] IndeedScraperUSAEng: Job Senior Software Engineer and Senior Software Engineer share duplicate key_id: IndeedScraperUSAEng_23a90e5737d37c29
[2025-03-09 01:12:00,945] [ERROR] IndeedScraperUSAEng: Job Senior Solutional Data Engineer - Active TS/SCI Required and Senior Solutional Data Engineer - Active TS/SCI Required share duplicate key_id: IndeedScraperUSAEng_63889519557c5eb5
[2025-03-09 01:12:00,945] [ERROR] IndeedScraperUSAEng: Job Data Scientist and Data Scientist share duplicate key_id: IndeedScraperUSAEng_014a9ab07585768b
[2025-03-09 01:12:00,945] [ERROR] IndeedScraperUSAEng: Job Manager Data Scientist and Manager Data Scientist share duplicate key_id: IndeedScraperUSAEng_78f5b12a8f7b11d9
[2025-03-09 01:12:00,945] [ERROR] IndeedScraperUSAEng: Job Manager, Data Science - Credit Model Review and Manager, Data Science - Credit Model Review share duplicate key_id: IndeedScraperUSAEng_f375d78a6c6da4bc
[2025-03-09 01:12:00,946] [ERROR] IndeedScraperUSAEng: Job Principal Associate, Data Scientist - Mainstreet Card and Principal Associate, Data Scientist - Mainstreet Card share duplicate key_id: IndeedScraperUSAEng_4c8a62d1a42c2adc
[2025-03-09 01:12:00,946] [ERROR] IndeedScraperUSAEng: Job Senior Palantir Data Scientist and Senior Palantir Data Scientist share duplicate key_id: IndeedScraperUSAEng_0ec736906d684e46
[2025-03-09 01:12:00,946] [ERROR] IndeedScraperUSAEng: Job Generative AI Developer - TS/SCI Clearance Required and Generative AI Developer - TS/SCI Clearance Required share duplicate key_id: IndeedScraperUSAEng_0e5a40bab66482da
[2025-03-09 01:12:00,946] [ERROR] IndeedScraperUSAEng: Job Principal Data Scientist - NLP and Principal Data Scientist - NLP share duplicate key_id: IndeedScraperUSAEng_4459e069d22465db
[2025-03-09 01:12:00,946] [ERROR] IndeedScraperUSAEng: Job Principal Associate, Data Scientist, Model Risk Office and Principal Associate, Data Scientist, Model Risk Office share duplicate key_id: IndeedScraperUSAEng_b5851f418ddc59a5
[2025-03-09 01:12:00,946] [ERROR] IndeedScraperUSAEng: Job Senior Consulting Data Scientist | TS/SCI w. Polygraph and Senior Consulting Data Scientist | TS/SCI w. Polygraph share duplicate key_id: IndeedScraperUSAEng_4c2a558cf40311e6
[2025-03-09 01:12:00,946] [ERROR] IndeedScraperUSAEng: Job Manager Data Scientist and Manager Data Scientist share duplicate key_id: IndeedScraperUSAEng_78f5b12a8f7b11d9
[2025-03-09 01:12:00,946] [ERROR] IndeedScraperUSAEng: Job Senior Software Engineer and Senior Software Engineer share duplicate key_id: IndeedScraperUSAEng_6f4da879b4b73b83
[2025-03-09 01:12:00,946] [ERROR] IndeedScraperUSAEng: Job Senior Consulting Data Scientist | TS/SCI w. Polygraph and Senior Consulting Data Scientist | TS/SCI w. Polygraph share duplicate key_id: IndeedScraperUSAEng_caca80adcd156a04
[2025-03-09 01:12:00,946] [ERROR] IndeedScraperUSAEng: Job Senior Data Scientist - NLP and Senior Data Scientist - NLP share duplicate key_id: IndeedScraperUSAEng_60c8ad8b0084faf5
[2025-03-09 01:12:00,947] [ERROR] IndeedScraperUSAEng: Job Principal Associate, Data Scientist - US Card Acquisitions and Principal Associate, Data Scientist - US Card Acquisitions share duplicate key_id: IndeedScraperUSAEng_e57963b58b3bb1c9
[2025-03-09 01:12:00,947] [ERROR] IndeedScraperUSAEng: Job Principal Associate, Data Scientist - Model Risk Office and Principal Associate, Data Scientist - Model Risk Office share duplicate key_id: IndeedScraperUSAEng_53e3a9ef21844898
[2025-03-09 01:12:00,947] [ERROR] IndeedScraperUSAEng: Job Generative AI Data Scientist - TS/SCI Clearance Required and Generative AI Data Scientist - TS/SCI Clearance Required share duplicate key_id: IndeedScraperUSAEng_6a7c8a32211f91ea
[2025-03-09 01:12:00,947] [ERROR] IndeedScraperUSAEng: Job Senior Software Engineer and Senior Software Engineer share duplicate key_id: IndeedScraperUSAEng_23a90e5737d37c29
[2025-03-09 01:12:00,947] [ERROR] IndeedScraperUSAEng: Job Generative AI Data Scientist - TS/SCI Clearance Required and Generative AI Data Scientist - TS/SCI Clearance Required share duplicate key_id: IndeedScraperUSAEng_b6e3c494a631f920
[2025-03-09 01:12:00,947] [ERROR] IndeedScraperUSAEng: Job Manager, Data Science - Credit Model Review and Manager, Data Science - Credit Model Review share duplicate key_id: IndeedScraperUSAEng_f375d78a6c6da4bc
[2025-03-09 01:12:00,947] [ERROR] IndeedScraperUSAEng: Job Generative AI Developer - TS/SCI Clearance Required and Generative AI Developer - TS/SCI Clearance Required share duplicate key_id: IndeedScraperUSAEng_d231c9d6c58cefba
[2025-03-09 01:12:00,947] [ERROR] IndeedScraperUSAEng: Job Senior Data Science Consultant - Analytics | TS/SCI w. Polygraph and Senior Data Science Consultant - Analytics | TS/SCI w. Polygraph share duplicate key_id: IndeedScraperUSAEng_e2f0465384d7e1ca
[2025-03-09 01:12:00,947] [ERROR] IndeedScraperUSAEng: Job AI Engineer - Lead (Manager IC) and AI Engineer - Lead (Manager IC) share duplicate key_id: IndeedScraperUSAEng_d6752ad82349a05c
[2025-03-09 01:12:00,947] [ERROR] IndeedScraperUSAEng: Job Data Science Specialist - TS/SCI Polygraph Required and Data Science Specialist - TS/SCI Polygraph Required share duplicate key_id: IndeedScraperUSAEng_aa5bd966d3643e94
[2025-03-09 01:12:00,948] [ERROR] IndeedScraperUSAEng: Job Senior Software Engineer and Senior Software Engineer share duplicate key_id: IndeedScraperUSAEng_23a90e5737d37c29
[2025-03-09 01:12:00,948] [ERROR] IndeedScraperUSAEng: Job Generative AI Developer - TS/SCI Clearance Required and Generative AI Developer - TS/SCI Clearance Required share duplicate key_id: IndeedScraperUSAEng_0e5a40bab66482da
[2025-03-09 01:12:00,948] [ERROR] IndeedScraperUSAEng: Job Data Scientist and Data Scientist share duplicate key_id: IndeedScraperUSAEng_014a9ab07585768b
[2025-03-09 01:12:00,948] [ERROR] IndeedScraperUSAEng: Job Manager Data Scientist and Manager Data Scientist share duplicate key_id: IndeedScraperUSAEng_78f5b12a8f7b11d9
[2025-03-09 01:12:00,948] [ERROR] IndeedScraperUSAEng: Job Principal Associate, Data Scientist - Mainstreet Card and Principal Associate, Data Scientist - Mainstreet Card share duplicate key_id: IndeedScraperUSAEng_be1bc5d0d4f15593
[2025-03-09 01:12:00,948] [ERROR] IndeedScraperUSAEng: Job Principal Associate, Data Scientist - Mainstreet Card and Principal Associate, Data Scientist - Mainstreet Card share duplicate key_id: IndeedScraperUSAEng_4c8a62d1a42c2adc
[2025-03-09 01:12:00,948] [ERROR] IndeedScraperUSAEng: Job Senior Palantir Data Scientist and Senior Palantir Data Scientist share duplicate key_id: IndeedScraperUSAEng_0ec736906d684e46
[2025-03-09 01:12:00,948] [ERROR] IndeedScraperUSAEng: Job Generative AI Developer - TS/SCI Clearance Required and Generative AI Developer - TS/SCI Clearance Required share duplicate key_id: IndeedScraperUSAEng_0e5a40bab66482da
[2025-03-09 01:12:00,948] [ERROR] IndeedScraperUSAEng: Job Principal Associate, Data Scientist, Model Risk Office and Principal Associate, Data Scientist, Model Risk Office share duplicate key_id: IndeedScraperUSAEng_b5851f418ddc59a5
[2025-03-09 01:12:00,948] [ERROR] IndeedScraperUSAEng: Job Principal Associate, Data Scientist, Model Risk Office and Principal Associate, Data Scientist, Model Risk Office share duplicate key_id: IndeedScraperUSAEng_b5851f418ddc59a5
[2025-03-09 01:12:00,948] [ERROR] IndeedScraperUSAEng: Job Senior Consulting Data Scientist | TS/SCI w. Polygraph and Senior Consulting Data Scientist | TS/SCI w. Polygraph share duplicate key_id: IndeedScraperUSAEng_4c2a558cf40311e6
[2025-03-09 01:12:00,948] [ERROR] IndeedScraperUSAEng: Job Senior Data Scientist and Senior Data Scientist share duplicate key_id: IndeedScraperUSAEng_e6897529f3311381
[2025-03-09 01:12:00,949] [ERROR] IndeedScraperUSAEng: Job Senior Software Engineer and Senior Software Engineer share duplicate key_id: IndeedScraperUSAEng_6f4da879b4b73b83
[2025-03-09 01:12:00,949] [ERROR] IndeedScraperUSAEng: Job Senior Data Science Consultant - Analytics | TS/SCI w. Polygraph and Senior Data Science Consultant - Analytics | TS/SCI w. Polygraph share duplicate key_id: IndeedScraperUSAEng_e2f0465384d7e1ca
[2025-03-09 01:12:00,949] [ERROR] IndeedScraperUSAEng: Job Senior Data Scientist - NLP and Senior Data Scientist - NLP share duplicate key_id: IndeedScraperUSAEng_60c8ad8b0084faf5
[2025-03-09 01:12:00,949] [ERROR] IndeedScraperUSAEng: Job Principal Associate, Data Scientist - US Card Acquisitions and Principal Associate, Data Scientist - US Card Acquisitions share duplicate key_id: IndeedScraperUSAEng_e57963b58b3bb1c9
[2025-03-09 01:12:00,949] [ERROR] IndeedScraperUSAEng: Job Principal Associate, Data Scientist - Model Risk Office and Principal Associate, Data Scientist - Model Risk Office share duplicate key_id: IndeedScraperUSAEng_53e3a9ef21844898
[2025-03-09 01:12:00,949] [ERROR] IndeedScraperUSAEng: Job Generative AI Data Scientist - TS/SCI Clearance Required and Generative AI Data Scientist - TS/SCI Clearance Required share duplicate key_id: IndeedScraperUSAEng_6a7c8a32211f91ea
[2025-03-09 01:12:00,949] [ERROR] IndeedScraperUSAEng: Job Senior Machine Learning Engineer and Senior Machine Learning Engineer share duplicate key_id: IndeedScraperUSAEng_7a5b8c6d7c052d32
[2025-03-09 01:12:00,949] [ERROR] IndeedScraperUSAEng: Job Principal Associate, Data Scientist - Mainstreet Card and Principal Associate, Data Scientist - Mainstreet Card share duplicate key_id: IndeedScraperUSAEng_be1bc5d0d4f15593
[2025-03-09 01:12:00,949] [ERROR] IndeedScraperUSAEng: Job Manager, Data Science - Credit Model Review and Manager, Data Science - Credit Model Review share duplicate key_id: IndeedScraperUSAEng_f375d78a6c6da4bc
[2025-03-09 01:12:00,949] [ERROR] IndeedScraperUSAEng: Job Generative AI Developer - TS/SCI Clearance Required and Generative AI Developer - TS/SCI Clearance Required share duplicate key_id: IndeedScraperUSAEng_d231c9d6c58cefba
[2025-03-09 01:12:00,949] [ERROR] IndeedScraperUSAEng: Job Senior Data Science Consultant - Analytics | TS/SCI w. Polygraph and Senior Data Science Consultant - Analytics | TS/SCI w. Polygraph share duplicate key_id: IndeedScraperUSAEng_e2f0465384d7e1ca
[2025-03-09 01:12:00,949] [ERROR] IndeedScraperUSAEng: Job AI Engineer - Lead (Manager IC) and AI Engineer - Lead (Manager IC) share duplicate key_id: IndeedScraperUSAEng_d6752ad82349a05c
[2025-03-09 01:12:00,949] [ERROR] IndeedScraperUSAEng: Job Data Science Specialist - TS/SCI Polygraph Required and Data Science Specialist - TS/SCI Polygraph Required share duplicate key_id: IndeedScraperUSAEng_aa5bd966d3643e94
[2025-03-09 01:12:00,950] [ERROR] IndeedScraperUSAEng: Job Senior Software Engineer and Senior Software Engineer share duplicate key_id: IndeedScraperUSAEng_23a90e5737d37c29
[2025-03-09 01:12:00,950] [ERROR] IndeedScraperUSAEng: Job Generative AI Data Scientist - TS/SCI Clearance Required and Generative AI Data Scientist - TS/SCI Clearance Required share duplicate key_id: IndeedScraperUSAEng_b6e3c494a631f920
[2025-03-09 01:12:00,950] [ERROR] IndeedScraperUSAEng: Job Data Scientist and Data Scientist share duplicate key_id: IndeedScraperUSAEng_014a9ab07585768b
[2025-03-09 01:12:00,950] [ERROR] IndeedScraperUSAEng: Job Manager Data Scientist and Manager Data Scientist share duplicate key_id: IndeedScraperUSAEng_78f5b12a8f7b11d9
[2025-03-09 01:12:00,950] [ERROR] IndeedScraperUSAEng: Job Principal Associate, Data Scientist - Mainstreet Card and Principal Associate, Data Scientist - Mainstreet Card share duplicate key_id: IndeedScraperUSAEng_be1bc5d0d4f15593
[2025-03-09 01:12:00,950] [ERROR] IndeedScraperUSAEng: Job Principal Associate, Data Scientist - Mainstreet Card and Principal Associate, Data Scientist - Mainstreet Card share duplicate key_id: IndeedScraperUSAEng_4c8a62d1a42c2adc
[2025-03-09 01:12:00,950] [ERROR] IndeedScraperUSAEng: Job Senior Palantir Data Scientist and Senior Palantir Data Scientist share duplicate key_id: IndeedScraperUSAEng_0ec736906d684e46
[2025-03-09 01:12:00,950] [ERROR] IndeedScraperUSAEng: Job Generative AI Developer - TS/SCI Clearance Required and Generative AI Developer - TS/SCI Clearance Required share duplicate key_id: IndeedScraperUSAEng_0e5a40bab66482da
[2025-03-09 01:12:00,950] [ERROR] IndeedScraperUSAEng: Job Principal Data Scientist - NLP and Principal Data Scientist - NLP share duplicate key_id: IndeedScraperUSAEng_4459e069d22465db
[2025-03-09 01:12:00,951] [ERROR] IndeedScraperUSAEng: Job Senior Data Scientist and Senior Data Scientist share duplicate key_id: IndeedScraperUSAEng_e6897529f3311381
[2025-03-09 01:12:00,951] [ERROR] IndeedScraperUSAEng: Job Senior Consulting Data Scientist | TS/SCI w. Polygraph and Senior Consulting Data Scientist | TS/SCI w. Polygraph share duplicate key_id: IndeedScraperUSAEng_4c2a558cf40311e6
[2025-03-09 01:12:00,951] [ERROR] IndeedScraperUSAEng: Job Senior Data Scientist and Senior Data Scientist share duplicate key_id: IndeedScraperUSAEng_e6897529f3311381
[2025-03-09 01:12:00,951] [ERROR] IndeedScraperUSAEng: Job Senior Software Engineer and Senior Software Engineer share duplicate key_id: IndeedScraperUSAEng_6f4da879b4b73b83
[2025-03-09 01:12:00,951] [ERROR] IndeedScraperUSAEng: Job Senior Consulting Data Scientist | TS/SCI w. Polygraph and Senior Consulting Data Scientist | TS/SCI w. Polygraph share duplicate key_id: IndeedScraperUSAEng_caca80adcd156a04
[2025-03-09 01:12:00,951] [ERROR] IndeedScraperUSAEng: Job Senior Data Scientist - NLP and Senior Data Scientist - NLP share duplicate key_id: IndeedScraperUSAEng_60c8ad8b0084faf5
[2025-03-09 01:12:00,951] [ERROR] IndeedScraperUSAEng: Job Principal Associate, Data Scientist - US Card Acquisitions and Principal Associate, Data Scientist - US Card Acquisitions share duplicate key_id: IndeedScraperUSAEng_e57963b58b3bb1c9
[2025-03-09 01:12:00,951] [ERROR] IndeedScraperUSAEng: Job Senior Machine Learning Engineer and Senior Machine Learning Engineer share duplicate key_id: IndeedScraperUSAEng_7a5b8c6d7c052d32
[2025-03-09 01:12:00,951] [ERROR] IndeedScraperUSAEng: Job Generative AI Data Scientist - TS/SCI Clearance Required and Generative AI Data Scientist - TS/SCI Clearance Required share duplicate key_id: IndeedScraperUSAEng_6a7c8a32211f91ea
[2025-03-09 01:12:00,951] [ERROR] IndeedScraperUSAEng: Job Senior Machine Learning Engineer and Senior Machine Learning Engineer share duplicate key_id: IndeedScraperUSAEng_7a5b8c6d7c052d32
[2025-03-09 01:12:00,952] [ERROR] IndeedScraperUSAEng: Job Generative AI Data Scientist - TS/SCI Clearance Required and Generative AI Data Scientist - TS/SCI Clearance Required share duplicate key_id: IndeedScraperUSAEng_b6e3c494a631f920
[2025-03-09 01:12:00,952] [ERROR] IndeedScraperUSAEng: Job Manager, Data Science - Credit Model Review and Manager, Data Science - Credit Model Review share duplicate key_id: IndeedScraperUSAEng_f375d78a6c6da4bc
[2025-03-09 01:12:00,952] [ERROR] IndeedScraperUSAEng: Job Generative AI Developer - TS/SCI Clearance Required and Generative AI Developer - TS/SCI Clearance Required share duplicate key_id: IndeedScraperUSAEng_d231c9d6c58cefba
[2025-03-09 01:12:00,952] [ERROR] IndeedScraperUSAEng: Job Senior Data Science Consultant - Analytics | TS/SCI w. Polygraph and Senior Data Science Consultant - Analytics | TS/SCI w. Polygraph share duplicate key_id: IndeedScraperUSAEng_e2f0465384d7e1ca
[2025-03-09 01:12:00,952] [ERROR] IndeedScraperUSAEng: Job Senior Solutional Data Engineer - Active TS/SCI Required and Senior Solutional Data Engineer - Active TS/SCI Required share duplicate key_id: IndeedScraperUSAEng_63889519557c5eb5
[2025-03-09 01:12:00,952] [ERROR] IndeedScraperUSAEng: Job Data Science Specialist - TS/SCI Polygraph Required and Data Science Specialist - TS/SCI Polygraph Required share duplicate key_id: IndeedScraperUSAEng_aa5bd966d3643e94
[2025-03-09 01:12:00,952] [ERROR] IndeedScraperUSAEng: Job Senior Software Engineer and Senior Software Engineer share duplicate key_id: IndeedScraperUSAEng_23a90e5737d37c29
[2025-03-09 01:12:00,952] [ERROR] IndeedScraperUSAEng: Job Senior Solutional Data Engineer - Active TS/SCI Required and Senior Solutional Data Engineer - Active TS/SCI Required share duplicate key_id: IndeedScraperUSAEng_63889519557c5eb5
[2025-03-09 01:12:00,952] [ERROR] IndeedScraperUSAEng: Job Data Scientist and Data Scientist share duplicate key_id: IndeedScraperUSAEng_014a9ab07585768b
[2025-03-09 01:12:00,952] [ERROR] IndeedScraperUSAEng: Job Manager Data Scientist and Manager Data Scientist share duplicate key_id: IndeedScraperUSAEng_78f5b12a8f7b11d9
[2025-03-09 01:12:00,953] [ERROR] IndeedScraperUSAEng: Job Principal Associate, Data Scientist - Mainstreet Card and Principal Associate, Data Scientist - Mainstreet Card share duplicate key_id: IndeedScraperUSAEng_be1bc5d0d4f15593
[2025-03-09 01:12:00,953] [ERROR] IndeedScraperUSAEng: Job Senior Solutional Data Engineer - Active TS/SCI Required and Senior Solutional Data Engineer - Active TS/SCI Required share duplicate key_id: IndeedScraperUSAEng_63889519557c5eb5
[2025-03-09 01:12:00,953] [ERROR] IndeedScraperUSAEng: Job Senior Palantir Data Scientist and Senior Palantir Data Scientist share duplicate key_id: IndeedScraperUSAEng_0ec736906d684e46
[2025-03-09 01:12:00,953] [ERROR] IndeedScraperUSAEng: Job Generative AI Developer - TS/SCI Clearance Required and Generative AI Developer - TS/SCI Clearance Required share duplicate key_id: IndeedScraperUSAEng_0e5a40bab66482da
[2025-03-09 01:12:00,953] [ERROR] IndeedScraperUSAEng: Job Principal Data Scientist - NLP and Principal Data Scientist - NLP share duplicate key_id: IndeedScraperUSAEng_4459e069d22465db
[2025-03-09 01:12:00,953] [ERROR] IndeedScraperUSAEng: Job Principal Associate, Data Scientist, Model Risk Office and Principal Associate, Data Scientist, Model Risk Office share duplicate key_id: IndeedScraperUSAEng_b5851f418ddc59a5
[2025-03-09 01:12:00,953] [ERROR] IndeedScraperUSAEng: Job Principal Data Scientist - NLP and Principal Data Scientist - NLP share duplicate key_id: IndeedScraperUSAEng_4459e069d22465db
[2025-03-09 01:12:00,953] [ERROR] IndeedScraperUSAEng: Job Senior Data Scientist and Senior Data Scientist share duplicate key_id: IndeedScraperUSAEng_e6897529f3311381
[2025-03-09 01:12:00,953] [ERROR] IndeedScraperUSAEng: Job Senior Software Engineer and Senior Software Engineer share duplicate key_id: IndeedScraperUSAEng_6f4da879b4b73b83
[2025-03-09 01:12:00,953] [ERROR] IndeedScraperUSAEng: Job Senior Consulting Data Scientist | TS/SCI w. Polygraph and Senior Consulting Data Scientist | TS/SCI w. Polygraph share duplicate key_id: IndeedScraperUSAEng_caca80adcd156a04
[2025-03-09 01:12:00,953] [ERROR] IndeedScraperUSAEng: Job Senior Data Scientist - NLP and Senior Data Scientist - NLP share duplicate key_id: IndeedScraperUSAEng_60c8ad8b0084faf5
[2025-03-09 01:12:00,954] [ERROR] IndeedScraperUSAEng: Job Senior Consulting Data Scientist | TS/SCI w. Polygraph and Senior Consulting Data Scientist | TS/SCI w. Polygraph share duplicate key_id: IndeedScraperUSAEng_caca80adcd156a04
[2025-03-09 01:12:00,954] [ERROR] IndeedScraperUSAEng: Job Principal Associate, Data Scientist - Model Risk Office and Principal Associate, Data Scientist - Model Risk Office share duplicate key_id: IndeedScraperUSAEng_53e3a9ef21844898
[2025-03-09 01:12:00,954] [ERROR] IndeedScraperUSAEng: Job Generative AI Data Scientist - TS/SCI Clearance Required and Generative AI Data Scientist - TS/SCI Clearance Required share duplicate key_id: IndeedScraperUSAEng_6a7c8a32211f91ea
[2025-03-09 01:12:00,954] [ERROR] IndeedScraperUSAEng: Job Senior Machine Learning Engineer and Senior Machine Learning Engineer share duplicate key_id: IndeedScraperUSAEng_7a5b8c6d7c052d32
[2025-03-09 01:12:00,954] [ERROR] IndeedScraperUSAEng: Job Generative AI Data Scientist - TS/SCI Clearance Required and Generative AI Data Scientist - TS/SCI Clearance Required share duplicate key_id: IndeedScraperUSAEng_b6e3c494a631f920
[2025-03-09 01:12:00,954] [ERROR] IndeedScraperUSAEng: Job Manager, Data Science - Credit Model Review and Manager, Data Science - Credit Model Review share duplicate key_id: IndeedScraperUSAEng_f375d78a6c6da4bc
[2025-03-09 01:12:00,954] [ERROR] IndeedScraperUSAEng: Job Generative AI Developer - TS/SCI Clearance Required and Generative AI Developer - TS/SCI Clearance Required share duplicate key_id: IndeedScraperUSAEng_d231c9d6c58cefba
[2025-03-09 01:12:00,954] [ERROR] IndeedScraperUSAEng: Job Senior Solutional Data Engineer - Active TS/SCI Required and Senior Solutional Data Engineer - Active TS/SCI Required share duplicate key_id: IndeedScraperUSAEng_63889519557c5eb5
[2025-03-09 01:12:00,954] [ERROR] IndeedScraperUSAEng: Job AI Engineer - Lead (Manager IC) and AI Engineer - Lead (Manager IC) share duplicate key_id: IndeedScraperUSAEng_d6752ad82349a05c
[2025-03-09 01:12:00,955] [ERROR] IndeedScraperUSAEng: Job Data Science Specialist - TS/SCI Polygraph Required and Data Science Specialist - TS/SCI Polygraph Required share duplicate key_id: IndeedScraperUSAEng_aa5bd966d3643e94
[2025-03-09 01:12:00,955] [ERROR] IndeedScraperUSAEng: Job Senior Software Engineer and Senior Software Engineer share duplicate key_id: IndeedScraperUSAEng_23a90e5737d37c29
[2025-03-09 01:12:00,955] [ERROR] IndeedScraperUSAEng: Job Senior Solutional Data Engineer - Active TS/SCI Required and Senior Solutional Data Engineer - Active TS/SCI Required share duplicate key_id: IndeedScraperUSAEng_63889519557c5eb5
[2025-03-09 01:12:00,955] [ERROR] IndeedScraperUSAEng: Job Data Scientist and Data Scientist share duplicate key_id: IndeedScraperUSAEng_014a9ab07585768b
[2025-03-09 01:12:00,955] [ERROR] IndeedScraperUSAEng: Job Manager Data Scientist and Manager Data Scientist share duplicate key_id: IndeedScraperUSAEng_78f5b12a8f7b11d9
[2025-03-09 01:12:00,955] [ERROR] IndeedScraperUSAEng: Job Principal Associate, Data Scientist - Model Risk Office and Principal Associate, Data Scientist - Model Risk Office share duplicate key_id: IndeedScraperUSAEng_53e3a9ef21844898
[2025-03-09 01:12:00,955] [ERROR] IndeedScraperUSAEng: Job Principal Associate, Data Scientist - Mainstreet Card and Principal Associate, Data Scientist - Mainstreet Card share duplicate key_id: IndeedScraperUSAEng_4c8a62d1a42c2adc
[2025-03-09 01:12:00,955] [ERROR] IndeedScraperUSAEng: Job Senior Palantir Data Scientist and Senior Palantir Data Scientist share duplicate key_id: IndeedScraperUSAEng_0ec736906d684e46
[2025-03-09 01:12:00,955] [ERROR] IndeedScraperUSAEng: Job Generative AI Developer - TS/SCI Clearance Required and Generative AI Developer - TS/SCI Clearance Required share duplicate key_id: IndeedScraperUSAEng_0e5a40bab66482da
[2025-03-09 01:12:00,955] [ERROR] IndeedScraperUSAEng: Job Principal Data Scientist - NLP and Principal Data Scientist - NLP share duplicate key_id: IndeedScraperUSAEng_4459e069d22465db
[2025-03-09 01:12:00,955] [ERROR] IndeedScraperUSAEng: Job Principal Associate, Data Scientist, Model Risk Office and Principal Associate, Data Scientist, Model Risk Office share duplicate key_id: IndeedScraperUSAEng_b5851f418ddc59a5
[2025-03-09 01:12:00,955] [ERROR] IndeedScraperUSAEng: Job Senior Consulting Data Scientist | TS/SCI w. Polygraph and Senior Consulting Data Scientist | TS/SCI w. Polygraph share duplicate key_id: IndeedScraperUSAEng_4c2a558cf40311e6
[2025-03-09 01:12:00,956] [ERROR] IndeedScraperUSAEng: Job Principal Associate, Data Scientist, Model Risk Office and Principal Associate, Data Scientist, Model Risk Office share duplicate key_id: IndeedScraperUSAEng_b5851f418ddc59a5
[2025-03-09 01:12:00,956] [ERROR] IndeedScraperUSAEng: Job Senior Software Engineer and Senior Software Engineer share duplicate key_id: IndeedScraperUSAEng_6f4da879b4b73b83
[2025-03-09 01:12:00,956] [ERROR] IndeedScraperUSAEng: Job Senior Consulting Data Scientist | TS/SCI w. Polygraph and Senior Consulting Data Scientist | TS/SCI w. Polygraph share duplicate key_id: IndeedScraperUSAEng_caca80adcd156a04
[2025-03-09 01:12:00,956] [ERROR] IndeedScraperUSAEng: Job Senior Data Scientist - NLP and Senior Data Scientist - NLP share duplicate key_id: IndeedScraperUSAEng_60c8ad8b0084faf5
[2025-03-09 01:12:00,956] [ERROR] IndeedScraperUSAEng: Job Principal Associate, Data Scientist - US Card Acquisitions and Principal Associate, Data Scientist - US Card Acquisitions share duplicate key_id: IndeedScraperUSAEng_e57963b58b3bb1c9
[2025-03-09 01:12:00,956] [ERROR] IndeedScraperUSAEng: Job Principal Associate, Data Scientist - Model Risk Office and Principal Associate, Data Scientist - Model Risk Office share duplicate key_id: IndeedScraperUSAEng_53e3a9ef21844898
[2025-03-09 01:12:00,956] [ERROR] IndeedScraperUSAEng: Job Generative AI Data Scientist - TS/SCI Clearance Required and Generative AI Data Scientist - TS/SCI Clearance Required share duplicate key_id: IndeedScraperUSAEng_6a7c8a32211f91ea
[2025-03-09 01:12:00,956] [ERROR] IndeedScraperUSAEng: Job AI Engineer - Lead (Manager IC) and AI Engineer - Lead (Manager IC) share duplicate key_id: IndeedScraperUSAEng_d6752ad82349a05c
[2025-03-09 01:12:00,956] [ERROR] IndeedScraperUSAEng: Job Generative AI Data Scientist - TS/SCI Clearance Required and Generative AI Data Scientist - TS/SCI Clearance Required share duplicate key_id: IndeedScraperUSAEng_b6e3c494a631f920
[2025-03-09 01:12:00,956] [ERROR] IndeedScraperUSAEng: Job Manager, Data Science - Credit Model Review and Manager, Data Science - Credit Model Review share duplicate key_id: IndeedScraperUSAEng_f375d78a6c6da4bc
[2025-03-09 01:12:00,956] [ERROR] IndeedScraperUSAEng: Job Principal Associate, Data Scientist - Mainstreet Card and Principal Associate, Data Scientist - Mainstreet Card share duplicate key_id: IndeedScraperUSAEng_4c8a62d1a42c2adc
[2025-03-09 01:12:00,956] [ERROR] IndeedScraperUSAEng: Job Senior Consulting Data Scientist | TS/SCI w. Polygraph and Senior Consulting Data Scientist | TS/SCI w. Polygraph share duplicate key_id: IndeedScraperUSAEng_4c2a558cf40311e6
[2025-03-09 01:12:00,956] [ERROR] IndeedScraperUSAEng: Job Senior Data Science Consultant - Analytics | TS/SCI w. Polygraph and Senior Data Science Consultant - Analytics | TS/SCI w. Polygraph share duplicate key_id: IndeedScraperUSAEng_e2f0465384d7e1ca
[2025-03-09 01:12:00,957] [ERROR] IndeedScraperUSAEng: Job Senior Data Scientist and Senior Data Scientist share duplicate key_id: IndeedScraperUSAEng_e6897529f3311381
[2025-03-09 01:12:00,957] [ERROR] IndeedScraperUSAEng: Job Senior Machine Learning Engineer and Senior Machine Learning Engineer share duplicate key_id: IndeedScraperUSAEng_7a5b8c6d7c052d32
[2025-03-09 01:12:00,957] [ERROR] IndeedScraperUSAEng: Job Principal Associate, Data Scientist - US Card Acquisitions and Principal Associate, Data Scientist - US Card Acquisitions share duplicate key_id: IndeedScraperUSAEng_e57963b58b3bb1c9
[2025-03-09 01:12:00,957] [ERROR] IndeedScraperUSAEng: Job Principal Associate, Data Scientist - Mainstreet Card and Principal Associate, Data Scientist - Mainstreet Card share duplicate key_id: IndeedScraperUSAEng_be1bc5d0d4f15593
[2025-03-09 01:12:00,960] [INFO] JobFunnel: Completed all scraping, found 973 new jobs.
[2025-03-09 01:12:01,007] [INFO] JobFunnel: Done. View your current jobs in job_search_results/demo_search.csv
[2025-03-12 16:03:18,491] [INFO] JobFunnel: Scraping local providers with: ['IndeedScraperUSAEng']
[2025-03-12 16:03:19,237] [INFO] IndeedScraperUSAEng: Found 4 pages of search results for query=machine learning internship
[2025-03-12 16:03:21,059] [INFO] IndeedScraperUSAEng: Scraped 98 job listings from search results pages
[2025-03-12 16:03:21,135] [INFO] JobFunnel: Completed all scraping, found 98 new jobs.
[2025-03-12 16:03:21,288] [INFO] JobFunnel: Done. View your current jobs in job_search_results/demo_search.csv
